Traceback (most recent call last):
  File "/usr/share/miniconda/envs/how_to_eurec4a/lib/python3.8/site-packages/jupyter_cache/executors/utils.py", line 51, in single_nb_execution
    executenb(
  File "/usr/share/miniconda/envs/how_to_eurec4a/lib/python3.8/site-packages/nbclient/client.py", line 1112, in execute
    return NotebookClient(nb=nb, resources=resources, km=km, **kwargs).execute()
  File "/usr/share/miniconda/envs/how_to_eurec4a/lib/python3.8/site-packages/nbclient/util.py", line 74, in wrapped
    return just_run(coro(*args, **kwargs))
  File "/usr/share/miniconda/envs/how_to_eurec4a/lib/python3.8/site-packages/nbclient/util.py", line 53, in just_run
    return loop.run_until_complete(coro)
  File "/usr/share/miniconda/envs/how_to_eurec4a/lib/python3.8/asyncio/base_events.py", line 616, in run_until_complete
    return future.result()
  File "/usr/share/miniconda/envs/how_to_eurec4a/lib/python3.8/site-packages/nbclient/client.py", line 553, in async_execute
    await self.async_execute_cell(
  File "/usr/share/miniconda/envs/how_to_eurec4a/lib/python3.8/site-packages/nbclient/client.py", line 857, in async_execute_cell
    self._check_raise_for_error(cell, exec_reply)
  File "/usr/share/miniconda/envs/how_to_eurec4a/lib/python3.8/site-packages/nbclient/client.py", line 760, in _check_raise_for_error
    raise CellExecutionError.from_cell_and_msg(cell, exec_reply_content)
nbclient.exceptions.CellExecutionError: An error occurred while executing the following cell:
------------------
nav_data = xr.concat([entry.to_dask().chunk() for entry in cat.P3.flight_level.values()],
                     dim = "time")
------------------

[0;31m---------------------------------------------------------------------------[0m
[0;31mKeyError[0m                                  Traceback (most recent call last)
[0;32m/usr/share/miniconda/envs/how_to_eurec4a/lib/python3.8/site-packages/xarray/backends/file_manager.py[0m in [0;36m_acquire_with_cache_info[0;34m(self, needs_lock)[0m
[1;32m    198[0m             [0;32mtry[0m[0;34m:[0m[0;34m[0m[0;34m[0m[0m
[0;32m--> 199[0;31m                 [0mfile[0m [0;34m=[0m [0mself[0m[0;34m.[0m[0m_cache[0m[0;34m[[0m[0mself[0m[0;34m.[0m[0m_key[0m[0;34m][0m[0;34m[0m[0;34m[0m[0m
[0m[1;32m    200[0m             [0;32mexcept[0m [0mKeyError[0m[0;34m:[0m[0;34m[0m[0;34m[0m[0m

[0;32m/usr/share/miniconda/envs/how_to_eurec4a/lib/python3.8/site-packages/xarray/backends/lru_cache.py[0m in [0;36m__getitem__[0;34m(self, key)[0m
[1;32m     52[0m         [0;32mwith[0m [0mself[0m[0;34m.[0m[0m_lock[0m[0;34m:[0m[0;34m[0m[0;34m[0m[0m
[0;32m---> 53[0;31m             [0mvalue[0m [0;34m=[0m [0mself[0m[0;34m.[0m[0m_cache[0m[0;34m[[0m[0mkey[0m[0;34m][0m[0;34m[0m[0;34m[0m[0m
[0m[1;32m     54[0m             [0mself[0m[0;34m.[0m[0m_cache[0m[0;34m.[0m[0mmove_to_end[0m[0;34m([0m[0mkey[0m[0;34m)[0m[0;34m[0m[0;34m[0m[0m

[0;31mKeyError[0m: [<class 'netCDF4._netCDF4.Dataset'>, ('https://www.ncei.noaa.gov/thredds-ocean/dodsC/psl/atomic/p3/meteorology/EUREC4A_ATOMIC_P3_Flight-Level_20200117_v1.1.nc',), 'r', (('clobber', True), ('diskless', False), ('format', 'NETCDF4'), ('persist', False))]

During handling of the above exception, another exception occurred:

[0;31mOSError[0m                                   Traceback (most recent call last)
[0;32m/tmp/ipykernel_5906/1195062795.py[0m in [0;36m<module>[0;34m[0m
[0;32m----> 1[0;31m nav_data = xr.concat([entry.to_dask().chunk() for entry in cat.P3.flight_level.values()],
[0m[1;32m      2[0m                      dim = "time")

[0;32m/tmp/ipykernel_5906/1195062795.py[0m in [0;36m<listcomp>[0;34m(.0)[0m
[0;32m----> 1[0;31m nav_data = xr.concat([entry.to_dask().chunk() for entry in cat.P3.flight_level.values()],
[0m[1;32m      2[0m                      dim = "time")

[0;32m/usr/share/miniconda/envs/how_to_eurec4a/lib/python3.8/site-packages/intake_xarray/base.py[0m in [0;36mto_dask[0;34m(self)[0m
[1;32m     67[0m     [0;32mdef[0m [0mto_dask[0m[0;34m([0m[0mself[0m[0;34m)[0m[0;34m:[0m[0;34m[0m[0;34m[0m[0m
[1;32m     68[0m         [0;34m"""Return xarray object where variables are dask arrays"""[0m[0;34m[0m[0;34m[0m[0m
[0;32m---> 69[0;31m         [0;32mreturn[0m [0mself[0m[0;34m.[0m[0mread_chunked[0m[0;34m([0m[0;34m)[0m[0;34m[0m[0;34m[0m[0m
[0m[1;32m     70[0m [0;34m[0m[0m
[1;32m     71[0m     [0;32mdef[0m [0mclose[0m[0;34m([0m[0mself[0m[0;34m)[0m[0;34m:[0m[0;34m[0m[0;34m[0m[0m

[0;32m/usr/share/miniconda/envs/how_to_eurec4a/lib/python3.8/site-packages/intake_xarray/base.py[0m in [0;36mread_chunked[0;34m(self)[0m
[1;32m     42[0m     [0;32mdef[0m [0mread_chunked[0m[0;34m([0m[0mself[0m[0;34m)[0m[0;34m:[0m[0;34m[0m[0;34m[0m[0m
[1;32m     43[0m         [0;34m"""Return xarray object (which will have chunks)"""[0m[0;34m[0m[0;34m[0m[0m
[0;32m---> 44[0;31m         [0mself[0m[0;34m.[0m[0m_load_metadata[0m[0;34m([0m[0;34m)[0m[0;34m[0m[0;34m[0m[0m
[0m[1;32m     45[0m         [0;32mreturn[0m [0mself[0m[0;34m.[0m[0m_ds[0m[0;34m[0m[0;34m[0m[0m
[1;32m     46[0m [0;34m[0m[0m

[0;32m/usr/share/miniconda/envs/how_to_eurec4a/lib/python3.8/site-packages/intake/source/base.py[0m in [0;36m_load_metadata[0;34m(self)[0m
[1;32m    234[0m         [0;34m"""load metadata only if needed"""[0m[0;34m[0m[0;34m[0m[0m
[1;32m    235[0m         [0;32mif[0m [0mself[0m[0;34m.[0m[0m_schema[0m [0;32mis[0m [0;32mNone[0m[0;34m:[0m[0;34m[0m[0;34m[0m[0m
[0;32m--> 236[0;31m             [0mself[0m[0;34m.[0m[0m_schema[0m [0;34m=[0m [0mself[0m[0;34m.[0m[0m_get_schema[0m[0;34m([0m[0;34m)[0m[0;34m[0m[0;34m[0m[0m
[0m[1;32m    237[0m             [0mself[0m[0;34m.[0m[0mdtype[0m [0;34m=[0m [0mself[0m[0;34m.[0m[0m_schema[0m[0;34m.[0m[0mdtype[0m[0;34m[0m[0;34m[0m[0m
[1;32m    238[0m             [0mself[0m[0;34m.[0m[0mshape[0m [0;34m=[0m [0mself[0m[0;34m.[0m[0m_schema[0m[0;34m.[0m[0mshape[0m[0;34m[0m[0;34m[0m[0m

[0;32m/usr/share/miniconda/envs/how_to_eurec4a/lib/python3.8/site-packages/intake_xarray/base.py[0m in [0;36m_get_schema[0;34m(self)[0m
[1;32m     16[0m [0;34m[0m[0m
[1;32m     17[0m         [0;32mif[0m [0mself[0m[0;34m.[0m[0m_ds[0m [0;32mis[0m [0;32mNone[0m[0;34m:[0m[0;34m[0m[0;34m[0m[0m
[0;32m---> 18[0;31m             [0mself[0m[0;34m.[0m[0m_open_dataset[0m[0;34m([0m[0;34m)[0m[0;34m[0m[0;34m[0m[0m
[0m[1;32m     19[0m [0;34m[0m[0m
[1;32m     20[0m             metadata = {

[0;32m/usr/share/miniconda/envs/how_to_eurec4a/lib/python3.8/site-packages/intake_xarray/opendap.py[0m in [0;36m_open_dataset[0;34m(self)[0m
[1;32m     91[0m     [0;32mdef[0m [0m_open_dataset[0m[0;34m([0m[0mself[0m[0;34m)[0m[0;34m:[0m[0;34m[0m[0;34m[0m[0m
[1;32m     92[0m         [0;32mimport[0m [0mxarray[0m [0;32mas[0m [0mxr[0m[0;34m[0m[0;34m[0m[0m
[0;32m---> 93[0;31m         [0mstore[0m [0;34m=[0m [0mself[0m[0;34m.[0m[0m_get_store[0m[0;34m([0m[0;34m)[0m[0;34m[0m[0;34m[0m[0m
[0m[1;32m     94[0m         [0mself[0m[0;34m.[0m[0m_ds[0m [0;34m=[0m [0mxr[0m[0;34m.[0m[0mopen_dataset[0m[0;34m([0m[0mstore[0m[0;34m,[0m [0mchunks[0m[0;34m=[0m[0mself[0m[0;34m.[0m[0mchunks[0m[0;34m,[0m [0;34m**[0m[0mself[0m[0;34m.[0m[0m_kwargs[0m[0;34m)[0m[0;34m[0m[0;34m[0m[0m

[0;32m/usr/share/miniconda/envs/how_to_eurec4a/lib/python3.8/site-packages/intake_xarray/opendap.py[0m in [0;36m_get_store[0;34m(self)[0m
[1;32m     81[0m                     [0;34m"Opendap session requires 'pydap' engine."[0m[0;34m[0m[0;34m[0m[0m
[1;32m     82[0m                 )
[0;32m---> 83[0;31m             [0;32mreturn[0m [0mxr[0m[0;34m.[0m[0mbackends[0m[0;34m.[0m[0mNetCDF4DataStore[0m[0;34m.[0m[0mopen[0m[0;34m([0m[0mself[0m[0;34m.[0m[0murlpath[0m[0;34m)[0m[0;34m[0m[0;34m[0m[0m
[0m[1;32m     84[0m         [0;32melif[0m [0mself[0m[0;34m.[0m[0mengine[0m [0;34m==[0m [0;34m"pydap"[0m[0;34m:[0m[0;34m[0m[0;34m[0m[0m
[1;32m     85[0m             [0;32mreturn[0m [0mxr[0m[0;34m.[0m[0mbackends[0m[0;34m.[0m[0mPydapDataStore[0m[0;34m.[0m[0mopen[0m[0;34m([0m[0mself[0m[0;34m.[0m[0murlpath[0m[0;34m,[0m [0msession[0m[0;34m=[0m[0msession[0m[0;34m)[0m[0;34m[0m[0;34m[0m[0m

[0;32m/usr/share/miniconda/envs/how_to_eurec4a/lib/python3.8/site-packages/xarray/backends/netCDF4_.py[0m in [0;36mopen[0;34m(cls, filename, mode, format, group, clobber, diskless, persist, lock, lock_maker, autoclose)[0m
[1;32m    377[0m             [0mnetCDF4[0m[0;34m.[0m[0mDataset[0m[0;34m,[0m [0mfilename[0m[0;34m,[0m [0mmode[0m[0;34m=[0m[0mmode[0m[0;34m,[0m [0mkwargs[0m[0;34m=[0m[0mkwargs[0m[0;34m[0m[0;34m[0m[0m
[1;32m    378[0m         )
[0;32m--> 379[0;31m         [0;32mreturn[0m [0mcls[0m[0;34m([0m[0mmanager[0m[0;34m,[0m [0mgroup[0m[0;34m=[0m[0mgroup[0m[0;34m,[0m [0mmode[0m[0;34m=[0m[0mmode[0m[0;34m,[0m [0mlock[0m[0;34m=[0m[0mlock[0m[0;34m,[0m [0mautoclose[0m[0;34m=[0m[0mautoclose[0m[0;34m)[0m[0;34m[0m[0;34m[0m[0m
[0m[1;32m    380[0m [0;34m[0m[0m
[1;32m    381[0m     [0;32mdef[0m [0m_acquire[0m[0;34m([0m[0mself[0m[0;34m,[0m [0mneeds_lock[0m[0;34m=[0m[0;32mTrue[0m[0;34m)[0m[0;34m:[0m[0;34m[0m[0;34m[0m[0m

[0;32m/usr/share/miniconda/envs/how_to_eurec4a/lib/python3.8/site-packages/xarray/backends/netCDF4_.py[0m in [0;36m__init__[0;34m(self, manager, group, mode, lock, autoclose)[0m
[1;32m    325[0m         [0mself[0m[0;34m.[0m[0m_group[0m [0;34m=[0m [0mgroup[0m[0;34m[0m[0;34m[0m[0m
[1;32m    326[0m         [0mself[0m[0;34m.[0m[0m_mode[0m [0;34m=[0m [0mmode[0m[0;34m[0m[0;34m[0m[0m
[0;32m--> 327[0;31m         [0mself[0m[0;34m.[0m[0mformat[0m [0;34m=[0m [0mself[0m[0;34m.[0m[0mds[0m[0;34m.[0m[0mdata_model[0m[0;34m[0m[0;34m[0m[0m
[0m[1;32m    328[0m         [0mself[0m[0;34m.[0m[0m_filename[0m [0;34m=[0m [0mself[0m[0;34m.[0m[0mds[0m[0;34m.[0m[0mfilepath[0m[0;34m([0m[0;34m)[0m[0;34m[0m[0;34m[0m[0m
[1;32m    329[0m         [0mself[0m[0;34m.[0m[0mis_remote[0m [0;34m=[0m [0mis_remote_uri[0m[0;34m([0m[0mself[0m[0;34m.[0m[0m_filename[0m[0;34m)[0m[0;34m[0m[0;34m[0m[0m

[0;32m/usr/share/miniconda/envs/how_to_eurec4a/lib/python3.8/site-packages/xarray/backends/netCDF4_.py[0m in [0;36mds[0;34m(self)[0m
[1;32m    386[0m     [0;34m@[0m[0mproperty[0m[0;34m[0m[0;34m[0m[0m
[1;32m    387[0m     [0;32mdef[0m [0mds[0m[0;34m([0m[0mself[0m[0;34m)[0m[0;34m:[0m[0;34m[0m[0;34m[0m[0m
[0;32m--> 388[0;31m         [0;32mreturn[0m [0mself[0m[0;34m.[0m[0m_acquire[0m[0;34m([0m[0;34m)[0m[0;34m[0m[0;34m[0m[0m
[0m[1;32m    389[0m [0;34m[0m[0m
[1;32m    390[0m     [0;32mdef[0m [0mopen_store_variable[0m[0;34m([0m[0mself[0m[0;34m,[0m [0mname[0m[0;34m,[0m [0mvar[0m[0;34m)[0m[0;34m:[0m[0;34m[0m[0;34m[0m[0m

[0;32m/usr/share/miniconda/envs/how_to_eurec4a/lib/python3.8/site-packages/xarray/backends/netCDF4_.py[0m in [0;36m_acquire[0;34m(self, needs_lock)[0m
[1;32m    380[0m [0;34m[0m[0m
[1;32m    381[0m     [0;32mdef[0m [0m_acquire[0m[0;34m([0m[0mself[0m[0;34m,[0m [0mneeds_lock[0m[0;34m=[0m[0;32mTrue[0m[0;34m)[0m[0;34m:[0m[0;34m[0m[0;34m[0m[0m
[0;32m--> 382[0;31m         [0;32mwith[0m [0mself[0m[0;34m.[0m[0m_manager[0m[0;34m.[0m[0macquire_context[0m[0;34m([0m[0mneeds_lock[0m[0;34m)[0m [0;32mas[0m [0mroot[0m[0;34m:[0m[0;34m[0m[0;34m[0m[0m
[0m[1;32m    383[0m             [0mds[0m [0;34m=[0m [0m_nc4_require_group[0m[0;34m([0m[0mroot[0m[0;34m,[0m [0mself[0m[0;34m.[0m[0m_group[0m[0;34m,[0m [0mself[0m[0;34m.[0m[0m_mode[0m[0;34m)[0m[0;34m[0m[0;34m[0m[0m
[1;32m    384[0m         [0;32mreturn[0m [0mds[0m[0;34m[0m[0;34m[0m[0m

[0;32m/usr/share/miniconda/envs/how_to_eurec4a/lib/python3.8/contextlib.py[0m in [0;36m__enter__[0;34m(self)[0m
[1;32m    111[0m         [0;32mdel[0m [0mself[0m[0;34m.[0m[0margs[0m[0;34m,[0m [0mself[0m[0;34m.[0m[0mkwds[0m[0;34m,[0m [0mself[0m[0;34m.[0m[0mfunc[0m[0;34m[0m[0;34m[0m[0m
[1;32m    112[0m         [0;32mtry[0m[0;34m:[0m[0;34m[0m[0;34m[0m[0m
[0;32m--> 113[0;31m             [0;32mreturn[0m [0mnext[0m[0;34m([0m[0mself[0m[0;34m.[0m[0mgen[0m[0;34m)[0m[0;34m[0m[0;34m[0m[0m
[0m[1;32m    114[0m         [0;32mexcept[0m [0mStopIteration[0m[0;34m:[0m[0;34m[0m[0;34m[0m[0m
[1;32m    115[0m             [0;32mraise[0m [0mRuntimeError[0m[0;34m([0m[0;34m"generator didn't yield"[0m[0;34m)[0m [0;32mfrom[0m [0;32mNone[0m[0;34m[0m[0;34m[0m[0m

[0;32m/usr/share/miniconda/envs/how_to_eurec4a/lib/python3.8/site-packages/xarray/backends/file_manager.py[0m in [0;36macquire_context[0;34m(self, needs_lock)[0m
[1;32m    185[0m     [0;32mdef[0m [0macquire_context[0m[0;34m([0m[0mself[0m[0;34m,[0m [0mneeds_lock[0m[0;34m=[0m[0;32mTrue[0m[0;34m)[0m[0;34m:[0m[0;34m[0m[0;34m[0m[0m
[1;32m    186[0m         [0;34m"""Context manager for acquiring a file."""[0m[0;34m[0m[0;34m[0m[0m
[0;32m--> 187[0;31m         [0mfile[0m[0;34m,[0m [0mcached[0m [0;34m=[0m [0mself[0m[0;34m.[0m[0m_acquire_with_cache_info[0m[0;34m([0m[0mneeds_lock[0m[0;34m)[0m[0;34m[0m[0;34m[0m[0m
[0m[1;32m    188[0m         [0;32mtry[0m[0;34m:[0m[0;34m[0m[0;34m[0m[0m
[1;32m    189[0m             [0;32myield[0m [0mfile[0m[0;34m[0m[0;34m[0m[0m

[0;32m/usr/share/miniconda/envs/how_to_eurec4a/lib/python3.8/site-packages/xarray/backends/file_manager.py[0m in [0;36m_acquire_with_cache_info[0;34m(self, needs_lock)[0m
[1;32m    203[0m                     [0mkwargs[0m [0;34m=[0m [0mkwargs[0m[0;34m.[0m[0mcopy[0m[0;34m([0m[0;34m)[0m[0;34m[0m[0;34m[0m[0m
[1;32m    204[0m                     [0mkwargs[0m[0;34m[[0m[0;34m"mode"[0m[0;34m][0m [0;34m=[0m [0mself[0m[0;34m.[0m[0m_mode[0m[0;34m[0m[0;34m[0m[0m
[0;32m--> 205[0;31m                 [0mfile[0m [0;34m=[0m [0mself[0m[0;34m.[0m[0m_opener[0m[0;34m([0m[0;34m*[0m[0mself[0m[0;34m.[0m[0m_args[0m[0;34m,[0m [0;34m**[0m[0mkwargs[0m[0;34m)[0m[0;34m[0m[0;34m[0m[0m
[0m[1;32m    206[0m                 [0;32mif[0m [0mself[0m[0;34m.[0m[0m_mode[0m [0;34m==[0m [0;34m"w"[0m[0;34m:[0m[0;34m[0m[0;34m[0m[0m
[1;32m    207[0m                     [0;31m# ensure file doesn't get overriden when opened again[0m[0;34m[0m[0;34m[0m[0;34m[0m[0m

[0;32msrc/netCDF4/_netCDF4.pyx[0m in [0;36mnetCDF4._netCDF4.Dataset.__init__[0;34m()[0m

[0;32msrc/netCDF4/_netCDF4.pyx[0m in [0;36mnetCDF4._netCDF4._ensure_nc_success[0;34m()[0m

[0;31mOSError[0m: [Errno -70] NetCDF: DAP server error: b'https://www.ncei.noaa.gov/thredds-ocean/dodsC/psl/atomic/p3/meteorology/EUREC4A_ATOMIC_P3_Flight-Level_20200117_v1.1.nc'
OSError: [Errno -70] NetCDF: DAP server error: b'https://www.ncei.noaa.gov/thredds-ocean/dodsC/psl/atomic/p3/meteorology/EUREC4A_ATOMIC_P3_Flight-Level_20200117_v1.1.nc'

